<?xml version="1.0" encoding="UTF-8"?>
<!-- Generated by org.testng.reporters.JUnitReportReporter -->
<testsuite hostname="DESKTOP-D3COJCL" failures="0" tests="1" name="Automation.HomePage" time="21.403" errors="0" timestamp="2020-01-20T16:30:48 IST" skipped="0">
  <testcase classname="Automation.HomePage" name="homePageNavigation" time="21.403"/>
</testsuite> <!-- Automation.HomePage -->
